2025-07-02 16:02:15,245 INFO [AI分析-请求] detections=['meningioma_tumor: 94.05%']
2025-07-02 16:02:28,413 INFO [AI分析-成功] result=医学诊断结论：  
根据影像学检测结果，患者颅内肿瘤诊断为 脑膜瘤（meningioma），恶性程度可能性低（WHO I级），诊断置信度高达 94.05%。需结合头颅MRI平扫+增强或头颅CT增强扫描的典型影像特征（如硬脑膜尾征、均匀强化、邻近骨质增生或硬化）进一步确认。  
医学建议：  
影像学确诊：请立即安排头颅MRI（平扫+增强）或头颅CT（增强）扫描，以明确肿瘤位置、大小、形态及对周围脑组织、颅骨的影响，为后续治疗提供依据。  
神经外科会诊：建议患者尽快至神经外科就诊，评估手术指征（如肿瘤是否压迫重要功能区、引起神经症状或进展性增大）。若肿瘤较小且无症状，可考虑保守观察与定期影像学随访。  
症状监测：若出现新发头痛、癫痫、局灶性神经功能缺损（如视力下降、肢体无力、言语障碍等），需立即复查影像学并评估手术必要性。  
病理确诊：若影像学高度符合脑膜瘤特征，需手术切除以获取病理学诊断（常规采用免疫组化检测确认脑膜上皮细胞来源，并评估分子病理特征以明确分级）。  
随访计划：若选择保守观察，建议每6个月行头颅MRI增强扫描监测肿瘤变化，必要时提前干预。  
备注：脑膜瘤为最常见的原发性颅内肿瘤之一，多数为良性，但位置（如海绵窦区、斜坡、颅底等深部区域）或体积较大者需积极手术干预以防止神经功能损伤；若发现肿瘤进展或恶性征象（强化不均匀、明显水肿、脑膜侵犯等），需进一步放疗或靶向治疗评估。
2025-07-02 16:02:40,853 INFO [AI分析-请求] detections=['meningioma_tumor: 94.05%']
2025-07-02 16:03:04,306 INFO [AI分析-成功] result=医学诊断结论：  
经影像学评估，颅内肿瘤诊断为脑膜瘤（meningioma），其概率高达94.05%，具有极高的诊断特异性。脑膜瘤是起源于脑膜细胞的良性肿瘤（WHO I级），但在某些情况下（如肿瘤体积较大、位置关键或生长活跃）可能需积极干预。
医学建议：  
专科就诊与进一步评估：  
立即转诊至神经外科或神经肿瘤专科，进行详细的临床症状（如头痛、神经功能缺损等）和神经系统检查。  
根据肿瘤位置与周围神经血管结构的关系，建议完善 MRI增强扫描（必要时结合 DWI、DTI或灌注成像）或 CT增强扫描 的二次评估，以明确肿瘤边界、血供及对脑组织、颅骨的压迫程度。  
对不明确诊断或存在疑似恶性特征者，需进行 立体定向活检 强化诊断。  
治疗决策依据：  
若肿瘤较小（<3 cm）、无症状且无明显占位效应，可考虑 动态观察，每612个月复查MRI。  
若肿瘤体积较大、生长迅速、出现局灶性神经功能障碍（如视觉/听觉障碍、肢体无力等）或位于关键部位（如颅底、脑干附近），建议 手术切除（首选显微手术或内镜手术）以缓解占位效应，明确病理类型及分级。  
影像学提示恶性特征（如边缘模糊、显著强化、骨质破坏）或术后残留/复发时，需结合 放射治疗（如伽马刀或光子刀）及定期随访。  
注意事项：  
避免剧烈运动及外伤，减少肿瘤出血风险。  
若出现急性神经功能恶化（如意识障碍、剧烈头痛、呕吐等），需立即急诊处理。  
合并癫痫者需严格按医嘱使用抗癫痫药物，控制发作。  
长期管理：  
手术患者应术后36个月复查影像，确认残留及评估预后。  
未手术或良性脑膜瘤患者需终身监测，随访频率依据肿瘤大小及生长速度调整。  
提示： 诊断需结合临床与影像学特征，具体方案需由神经外科团队综合评估后制定。  
（注：WHO分级系统中，多数脑膜瘤为I级，少数为II/III级恶性，恶性可能性＜5%。本结论基于影像学高度提示，建议以病理结果为准。）
2025-07-02 16:03:17,166 INFO [AI分析-请求] detections=['meningioma_tumor: 94.05%']
2025-07-02 16:03:48,175 INFO [AI分析-成功] result=医学诊断结论  
影像学结果显示：脑膜瘤（meningioma）可能性极高（占94.05%）。脑膜瘤是起源于脑膜细胞的常见原发性颅内肿瘤，绝大多数为良性（WHO I级），少数可能为间变型或恶性（WHO II、III级）。需结合病史、神经系统检查及增强MRI/CT等进一步评估肿瘤位置、大小、血供及邻近结构受累情况，并建议组织活检以确诊及明确病理分级。
针对性医学建议  
立即完善辅助检查  
双手增强磁共振成像（MRI）或增强CT扫描，明确肿瘤的解剖位置、与周围血管/神经的关系及是否侵犯骨质。  
神经外科会诊：评估手术可行性（如肿瘤体积＞3cm、生长迅速、症状显著或位于关键功能区附近，需手术切除）。  
组织病理学活检：若无法直接手术，需经立体定向活检明确肿瘤良恶性（WHO分级），指导后续治疗。  
治疗选择  
手术治疗（首选方案）：针对可能造成颅内压增高、占位效应或恶性病变的肿瘤，以全切为目标以降低复发风险。  
立体定向放射外科（如伽马刀）：适用于＜3cm、深部或手术风险高的肿瘤，或术后残留/复发灶。  
辅助放疗：若为高级别（间变或恶性）肿瘤或手术未全切，需放疗降低复发率。  
随访与监测  
良性且无症状的小肿瘤：建议每612个月复查MRI，监测生长速度（通常年生长率＜2mm）。  
术后患者：根据病理分级，术后3、6、12个月复查MRI，随后每12年随访，持续至少510年。  
出现新发症状（如头痛加剧、癫痫、神经功能缺损）：立即复诊，评估肿瘤进展或复发可能。  
注意事项  
避免剧烈运动或头部外伤，防止肿瘤突然加重。  
控制合并症（如高血压、糖尿病），降低手术风险。  
心理支持：脑膜瘤虽良性居多，但患者常因颅内肿瘤产生焦虑，需早期干预。  
专业说明  
脑膜瘤治疗需多学科团队（神经外科、放疗科、病理科）协作。若肿瘤位于功能区或体积较大，可能导致癫痫、局灶神经功能缺损（如视力下降、面瘫等），需优先处理。恶性脑膜瘤（约＜2%）需更积极治疗，预后与病理分级密切相关（WHO II/III级5年生存率显著低于I级）。
